c:\c++ projects\suppliersbase_project\suppliersbase_project\x64\release\moc_positiondialog.obj
c:\c++ projects\suppliersbase_project\suppliersbase_project\x64\release\moc_maininterface.obj
c:\c++ projects\suppliersbase_project\suppliersbase_project\x64\release\moc_supplierdialog.obj
c:\c++ projects\suppliersbase_project\suppliersbase_project\x64\release\qrc_maininterface.obj
c:\c++ projects\suppliersbase_project\suppliersbase_project\x64\release\moc_contactdialog.obj
c:\c++ projects\suppliersbase_project\suppliersbase_project\x64\release\moc_aboutform.obj
c:\c++ projects\suppliersbase_project\suppliersbase_project\x64\release\moc_positionsform.obj
c:\c++ projects\suppliersbase_project\suppliersbase_project\x64\release\contact.obj
c:\c++ projects\suppliersbase_project\suppliersbase_project\x64\release\position.obj
c:\c++ projects\suppliersbase_project\suppliersbase_project\x64\release\positiondialog.obj
c:\c++ projects\suppliersbase_project\suppliersbase_project\x64\release\main.obj
c:\c++ projects\suppliersbase_project\suppliersbase_project\x64\release\contactdialog.obj
c:\c++ projects\suppliersbase_project\suppliersbase_project\x64\release\supplierdialog.obj
c:\c++ projects\suppliersbase_project\suppliersbase_project\x64\release\database.obj
c:\c++ projects\suppliersbase_project\suppliersbase_project\x64\release\supplier.obj
c:\c++ projects\suppliersbase_project\suppliersbase_project\x64\release\maininterface.obj
c:\c++ projects\suppliersbase_project\suppliersbase_project\x64\release\aboutform.obj
c:\c++ projects\suppliersbase_project\suppliersbase_project\x64\release\positionsform.obj
c:\c++ projects\suppliersbase_project\x64\release\suppliersbase_project.exe
c:\c++ projects\suppliersbase_project\suppliersbase_project\x64\release\moc\moc_maininterface.cpp
c:\c++ projects\suppliersbase_project\suppliersbase_project\x64\release\moc\moc_aboutform.cpp
c:\c++ projects\suppliersbase_project\suppliersbase_project\x64\release\moc\moc_positiondialog.cpp
c:\c++ projects\suppliersbase_project\suppliersbase_project\x64\release\moc\moc_contactdialog.cpp
c:\c++ projects\suppliersbase_project\suppliersbase_project\x64\release\moc\moc_positionsform.cpp
c:\c++ projects\suppliersbase_project\suppliersbase_project\x64\release\moc\moc_supplierdialog.cpp
c:\c++ projects\suppliersbase_project\suppliersbase_project\x64\release\myapp.res
c:\c++ projects\suppliersbase_project\suppliersbase_project\x64\release\rcc\qrc_maininterface.cpp
c:\c++ projects\suppliersbase_project\suppliersbase_project\x64\release\uic\ui_aboutform.h
c:\c++ projects\suppliersbase_project\suppliersbase_project\x64\release\uic\ui_maininterface.h
c:\c++ projects\suppliersbase_project\suppliersbase_project\x64\release\uic\ui_contactdialog.h
c:\c++ projects\suppliersbase_project\suppliersbase_project\x64\release\uic\ui_positiondialog.h
c:\c++ projects\suppliersbase_project\suppliersbase_project\x64\release\uic\ui_positionsform.h
c:\c++ projects\suppliersbase_project\suppliersbase_project\x64\release\uic\ui_supplierdialog.h
c:\c++ projects\suppliersbase_project\suppliersbase_project\x64\release\supplier.acd13269.tlog\cl.command.1.tlog
c:\c++ projects\suppliersbase_project\suppliersbase_project\x64\release\supplier.acd13269.tlog\cl.read.1.tlog
c:\c++ projects\suppliersbase_project\suppliersbase_project\x64\release\supplier.acd13269.tlog\cl.write.1.tlog
c:\c++ projects\suppliersbase_project\suppliersbase_project\x64\release\supplier.acd13269.tlog\link.command.1.tlog
c:\c++ projects\suppliersbase_project\suppliersbase_project\x64\release\supplier.acd13269.tlog\link.read.1.tlog
c:\c++ projects\suppliersbase_project\suppliersbase_project\x64\release\supplier.acd13269.tlog\link.write.1.tlog
c:\c++ projects\suppliersbase_project\suppliersbase_project\x64\release\supplier.acd13269.tlog\moc.read.1u.tlog
c:\c++ projects\suppliersbase_project\suppliersbase_project\x64\release\supplier.acd13269.tlog\moc.write.1u.tlog
c:\c++ projects\suppliersbase_project\suppliersbase_project\x64\release\supplier.acd13269.tlog\rc.command.1.tlog
c:\c++ projects\suppliersbase_project\suppliersbase_project\x64\release\supplier.acd13269.tlog\rc.read.1.tlog
c:\c++ projects\suppliersbase_project\suppliersbase_project\x64\release\supplier.acd13269.tlog\rc.write.1.tlog
c:\c++ projects\suppliersbase_project\suppliersbase_project\x64\release\supplier.acd13269.tlog\rcc.read.1u.tlog
c:\c++ projects\suppliersbase_project\suppliersbase_project\x64\release\supplier.acd13269.tlog\rcc.write.1u.tlog
c:\c++ projects\suppliersbase_project\suppliersbase_project\x64\release\supplier.acd13269.tlog\suppliersbase_project.write.1u.tlog
c:\c++ projects\suppliersbase_project\suppliersbase_project\x64\release\supplier.acd13269.tlog\uic.read.1u.tlog
c:\c++ projects\suppliersbase_project\suppliersbase_project\x64\release\supplier.acd13269.tlog\uic.write.1u.tlog
